<?xml version="1.0" encoding="utf-8" standalone="no"?>
<!--This file represents the results of running a test suite-->
<test-results name="C:\Users\Akira\Documents\Visual Studio 2015\Projects\ConsoleGame15\Game15Test\Game15Test.csproj" total="22" errors="0" failures="0" not-run="0" inconclusive="0" ignored="0" skipped="0" invalid="0" date="2016-10-09" time="00:57:05">
  <environment nunit-version="2.6.4.14350" clr-version="2.0.50727.5485" os-version="Microsoft Windows NT 6.1.7601 Service Pack 1" platform="Win32NT" cwd="C:\Program Files (x86)\NUnit 2.6.4\bin" machine-name="AK_COMP" user="Akira" user-domain="AK_COMP" />
  <culture-info current-culture="ru-RU" current-uiculture="ru-RU" />
  <test-suite type="Project" name="C:\Users\Akira\Documents\Visual Studio 2015\Projects\ConsoleGame15\Game15Test\Game15Test.csproj" executed="True" result="Success" success="True" time="0.628" asserts="0">
    <results>
      <test-suite type="Assembly" name="C:\Users\Akira\Documents\Visual Studio 2015\Projects\ConsoleGame15\Game15Test\bin\Debug\Game15Test.dll" executed="True" result="Success" success="True" time="0.601" asserts="0">
        <results>
          <test-suite type="Namespace" name="Game15Test" executed="True" result="Success" success="True" time="0.599" asserts="0">
            <results>
              <test-suite type="TestFixture" name="GameTests" executed="True" result="Success" success="True" time="0.472" asserts="0">
                <results>
                  <test-case name="Game15Test.GameTests.GameTestsBase.CheckingUniquenessOfNumbers_NotUniqueSequenceOfNumbers_ReturnException" executed="True" result="Success" success="True" time="0.047" asserts="0" />
                  <test-case name="Game15Test.GameTests.GameTestsBase.CheckingUniquenessOfNumbers_UniqueSequenceOfNumbers_ReturnTrue" executed="True" result="Success" success="True" time="0.007" asserts="1" />
                  <test-case name="Game15Test.GameTests.GameTestsBase.GetLocation_ExistingValue_ReturnCorrectCoordinates" executed="True" result="Success" success="True" time="0.038" asserts="1" />
                  <test-case name="Game15Test.GameTests.GameTestsBase.GetLocation_NonexistentValue_ReturnException" executed="True" result="Success" success="True" time="0.002" asserts="0" />
                  <test-case name="Game15Test.GameTests.GameTestsBase.Indexer_ExistingCoordinates_ReturnCorrectValue" executed="True" result="Success" success="True" time="0.002" asserts="1" />
                  <test-case name="Game15Test.GameTests.GameTestsBase.Indexer_NonexistentCoordinates_ReturnException" executed="True" result="Success" success="True" time="0.002" asserts="0" />
                  <test-case name="Game15Test.GameTests.GameTestsBase.Initialization_FieldSize_ReturnCorrectSize" executed="True" result="Success" success="True" time="0.001" asserts="1" />
                  <test-case name="Game15Test.GameTests.GameTestsBase.Initialization_IncorrectFieldSize_ReturnException" executed="True" result="Success" success="True" time="0.003" asserts="0" />
                  <test-case name="Game15Test.GameTests.GameTestsBase.Shift_ExistingValue_TilesMoved" executed="True" result="Success" success="True" time="0.004" asserts="9" />
                  <test-case name="Game15Test.GameTests.GameTestsBase.Shift_ExistingValueWithoutZeroNeighbor_ReturnException" executed="True" result="Success" success="True" time="0.002" asserts="0" />
                  <test-case name="Game15Test.GameTests.GameTestsBase.Shift_NonexistentValue_ReturnException" executed="True" result="Success" success="True" time="0.003" asserts="0" />
                </results>
              </test-suite>
              <test-suite type="TestFixture" name="ImmutableGameTests" executed="True" result="Success" success="True" time="0.110" asserts="0">
                <results>
                  <test-case name="Game15Test.ImmutableGameTests.CheckingUniquenessOfNumbers_NotUniqueSequenceOfNumbers_ReturnException" executed="True" result="Success" success="True" time="0.003" asserts="0" />
                  <test-case name="Game15Test.ImmutableGameTests.CheckingUniquenessOfNumbers_UniqueSequenceOfNumbers_ReturnTrue" executed="True" result="Success" success="True" time="0.001" asserts="1" />
                  <test-case name="Game15Test.ImmutableGameTests.GameTestsBase.GetLocation_ExistingValue_ReturnCorrectCoordinates" executed="True" result="Success" success="True" time="0.000" asserts="1" />
                  <test-case name="Game15Test.ImmutableGameTests.GameTestsBase.GetLocation_NonexistentValue_ReturnException" executed="True" result="Success" success="True" time="0.002" asserts="0" />
                  <test-case name="Game15Test.ImmutableGameTests.GameTestsBase.Indexer_ExistingCoordinates_ReturnCorrectValue" executed="True" result="Success" success="True" time="0.000" asserts="1" />
                  <test-case name="Game15Test.ImmutableGameTests.GameTestsBase.Indexer_NonexistentCoordinates_ReturnException" executed="True" result="Success" success="True" time="0.002" asserts="0" />
                  <test-case name="Game15Test.ImmutableGameTests.GameTestsBase.Initialization_FieldSize_ReturnCorrectSize" executed="True" result="Success" success="True" time="0.000" asserts="1" />
                  <test-case name="Game15Test.ImmutableGameTests.Initialization_IncorrectFieldSize_ReturnException" executed="True" result="Success" success="True" time="0.002" asserts="0" />
                  <test-case name="Game15Test.ImmutableGameTests.Shift_ExistingValue_TilesMoved" executed="True" result="Success" success="True" time="0.020" asserts="18" />
                  <test-case name="Game15Test.ImmutableGameTests.Shift_ExistingValueWithoutZeroNeighbor_ReturnException" executed="True" result="Success" success="True" time="0.002" asserts="0" />
                  <test-case name="Game15Test.ImmutableGameTests.Shift_NonexistentValue_ReturnException" executed="True" result="Success" success="True" time="0.002" asserts="0" />
                </results>
              </test-suite>
            </results>
          </test-suite>
        </results>
      </test-suite>
    </results>
  </test-suite>
</test-results>